<?xml version="1.0" encoding="UTF-8"?>
<testsuite xmlns:xsi="http://www.w3.org/2001/XMLSchema-instance" xsi:noNamespaceSchemaLocation="https://maven.apache.org/surefire/maven-surefire-plugin/xsd/surefire-test-report.xsd" version="3.0.2" name="mx.ipn.escom.loginsystem.EarthquakeControllerTest" time="5.538" tests="1" errors="0" skipped="0" failures="0">
  <properties>
[...]
</properties>
  <testcase name="testGetEarthquakesView" classname="mx.ipn.escom.loginsystem.EarthquakeControllerTest" time="0.644">
    <system-out><![CDATA[Standard Commons Logging discovery in action with spring-jcl: please remove commons-logging.jar from classpath in order to avoid potential conflicts
19:16:33.902 [main] INFO org.springframework.test.context.support.AnnotationConfigContextLoaderUtils -- Could not detect default configuration classes for test class [mx.ipn.escom.loginsystem.EarthquakeControllerTest]: EarthquakeControllerTest does not declare any static, non-private, non-final, nested classes annotated with @Configuration.
19:16:34.117 [main] INFO org.springframework.boot.test.context.SpringBootTestContextBootstrapper -- Found @SpringBootConfiguration mx.ipn.escom.loginsystem.LoginSystemApplication for test class mx.ipn.escom.loginsystem.EarthquakeControllerTest

  .   ____          _            __ _ _
 /\\ / ___'_ __ _ _(_)_ __  __ _ \ \ \ \
( ( )\___ | '_ | '_| | '_ \/ _` | \ \ \ \
 \\/  ___)| |_)| | | | | || (_| |  ) ) ) )
  '  |____| .__|_| |_|_| |_\__, | / / / /
 =========|_|==============|___/=/_/_/_/

 :: Spring Boot ::                (v3.4.3)

2025-06-30T19:16:34.785-06:00  INFO 20332 --- [login-system] [           main] m.i.e.l.EarthquakeControllerTest         : Starting EarthquakeControllerTest using Java 23.0.2 with PID 20332 (started by elcha in C:\Users\elcha\Documents\°ESCOM\6° SEMESTRE\ING DE SOFTWARE\Program\Dockerizados\login-system-mapa-dockerized)
2025-06-30T19:16:34.786-06:00 DEBUG 20332 --- [login-system] [           main] m.i.e.l.EarthquakeControllerTest         : Running with Spring Boot v3.4.3, Spring v6.2.3
2025-06-30T19:16:34.786-06:00  INFO 20332 --- [login-system] [           main] m.i.e.l.EarthquakeControllerTest         : No active profile set, falling back to 1 default profile: "default"
2025-06-30T19:16:34.808-06:00 DEBUG 20332 --- [login-system] [           main] o.s.w.c.s.GenericWebApplicationContext   : Refreshing org.springframework.web.context.support.GenericWebApplicationContext@12477988
2025-06-30T19:16:37.623-06:00 DEBUG 20332 --- [login-system] [           main] s.w.s.m.m.a.RequestMappingHandlerMapping : 4 mappings in 'requestMappingHandlerMapping'
2025-06-30T19:16:37.821-06:00 DEBUG 20332 --- [login-system] [           main] o.s.w.s.handler.SimpleUrlHandlerMapping  : Patterns [/webjars/**, /**] in 'resourceHandlerMapping'
2025-06-30T19:16:37.882-06:00 DEBUG 20332 --- [login-system] [           main] s.w.s.m.m.a.RequestMappingHandlerAdapter : ControllerAdvice beans: 0 @ModelAttribute, 0 @InitBinder, 1 RequestBodyAdvice, 1 ResponseBodyAdvice
2025-06-30T19:16:38.020-06:00 DEBUG 20332 --- [login-system] [           main] .m.m.a.ExceptionHandlerExceptionResolver : ControllerAdvice beans: 0 @ExceptionHandler, 1 ResponseBodyAdvice
2025-06-30T19:16:38.091-06:00  WARN 20332 --- [login-system] [           main] .s.s.UserDetailsServiceAutoConfiguration : 

Using generated security password: 68309b7a-9988-430d-8002-ee46ab410166

This generated password is for development use only. Your security configuration must be updated before running your application in production.

2025-06-30T19:16:38.136-06:00  INFO 20332 --- [login-system] [           main] r$InitializeUserDetailsManagerConfigurer : Global AuthenticationManager configured with UserDetailsService bean with name inMemoryUserDetailsManager
2025-06-30T19:16:38.443-06:00  INFO 20332 --- [login-system] [           main] o.s.b.t.m.w.SpringBootMockServletContext : Initializing Spring TestDispatcherServlet ''
2025-06-30T19:16:38.443-06:00  INFO 20332 --- [login-system] [           main] o.s.t.web.servlet.TestDispatcherServlet  : Initializing Servlet ''
2025-06-30T19:16:38.443-06:00  INFO 20332 --- [login-system] [           main] o.s.t.web.servlet.TestDispatcherServlet  : Completed initialization in 0 ms
2025-06-30T19:16:38.481-06:00  INFO 20332 --- [login-system] [           main] m.i.e.l.EarthquakeControllerTest         : Started EarthquakeControllerTest in 4.235 seconds (process running for 5.733)
2025-06-30T19:16:38.635-06:00 DEBUG 20332 --- [login-system] [           main] s.w.s.m.m.a.RequestMappingHandlerMapping : Mapped to mx.ipn.escom.loginsystem.EarthquakeController#showEarthquakesMap(Model)
2025-06-30T19:16:38.676-06:00 DEBUG 20332 --- [login-system] [           main] o.s.w.s.v.ContentNegotiatingViewResolver : Selected '*/*' given [*/*]
]]></system-out>
    <system-err><![CDATA[Mockito is currently self-attaching to enable the inline-mock-maker. This will no longer work in future releases of the JDK. Please add Mockito as an agent to your build what is described in Mockito's documentation: https://javadoc.io/doc/org.mockito/mockito-core/latest/org/mockito/Mockito.html#0.3
WARNING: A Java agent has been loaded dynamically (C:\Users\elcha\.m2\repository\net\bytebuddy\byte-buddy-agent\1.15.11\byte-buddy-agent-1.15.11.jar)
WARNING: If a serviceability tool is in use, please run with -XX:+EnableDynamicAgentLoading to hide this warning
WARNING: If a serviceability tool is not in use, please run with -Djdk.instrument.traceUsage for more information
WARNING: Dynamic loading of agents will be disallowed by default in a future release
]]></system-err>
  </testcase>
</testsuite>